Using pre-set license
Built from '2020.2/release' branch; Version is '2020.2.1f1 (270dd8c3da1c) revision 2559448'; Using compiler version '192528614'; Build Type 'Release'
OS: 'Windows 10  (10.0.0) 64bit' Language: 'en' Physical Memory: 16283 MB
BatchMode: 1, IsHumanControllingUs: 0, StartBugReporterOnCrash: 0, Is64bit: 1, IsPro: 0

 COMMAND LINE ARGUMENTS:
D:\Unity\2020.2.1f1\Editor\Unity.exe
-adb2
-batchMode
-noUpm
-name
AssetImportWorker0
-projectPath
C:/Users/Sunu/Documents/Unity_Work/Project/PlayAatrox
-logFile
Logs/AssetImportWorker0.log
-srvPort
55662
Successfully changed project path to: C:/Users/Sunu/Documents/Unity_Work/Project/PlayAatrox
C:/Users/Sunu/Documents/Unity_Work/Project/PlayAatrox
Using Asset Import Pipeline V2.
Refreshing native plugins compatible for Editor in 40.56 ms, found 0 plugins.
Preloading 0 native plugins for Editor in 0.00 ms.
Initialize engine version: 2020.2.1f1 (270dd8c3da1c)
[Subsystems] Discovering subsystems at path D:/Unity/2020.2.1f1/Editor/Data/Resources/UnitySubsystems
[Subsystems] Discovering subsystems at path C:/Users/Sunu/Documents/Unity_Work/Project/PlayAatrox/Assets
GfxDevice: creating device client; threaded=0
Direct3D:
    Version:  Direct3D 11.0 [level 11.1]
    Renderer: NVIDIA GeForce GTX 1080 (ID=0x1b80)
    Vendor:   
    VRAM:     8079 MB
    Driver:   27.21.14.6089
Initialize mono
Mono path[0] = 'D:/Unity/2020.2.1f1/Editor/Data/Managed'
Mono path[1] = 'D:/Unity/2020.2.1f1/Editor/Data/MonoBleedingEdge/lib/mono/unityjit'
Mono config path = 'D:/Unity/2020.2.1f1/Editor/Data/MonoBleedingEdge/etc'
Using monoOptions --debugger-agent=transport=dt_socket,embedding=1,server=y,suspend=n,address=127.0.0.1:56432
Begin MonoManager ReloadAssembly
Registering precompiled unity dll's ...
Register platform support module: D:/Unity/2020.2.1f1/Editor/Data/PlaybackEngines/WindowsStandaloneSupport/UnityEditor.WindowsStandalone.Extensions.dll
Register platform support module: D:/Unity/2020.2.1f1/Editor/Data/PlaybackEngines/LinuxStandaloneSupport/UnityEditor.LinuxStandalone.Extensions.dll
Registered in 0.002581 seconds.
Native extension for LinuxStandalone target not found
Native extension for WindowsStandalone target not found
Refreshing native plugins compatible for Editor in 51.13 ms, found 0 plugins.
Preloading 0 native plugins for Editor in 0.00 ms.
Invoked RoslynAnalysisRunner static constructor.
RoslynAnalysisRunner will not be running.
RoslynAnalysisRunner has terminated.
Mono: successfully reloaded assembly
- Completed reload, in  2.076 seconds
Platform modules already initialized, skipping
Registering precompiled user dll's ...
Registered in 0.001631 seconds.
Begin MonoManager ReloadAssembly
Native extension for LinuxStandalone target not found
Native extension for WindowsStandalone target not found
Refreshing native plugins compatible for Editor in 0.53 ms, found 0 plugins.
Preloading 0 native plugins for Editor in 0.00 ms.
Invoked RoslynAnalysisRunner static constructor.
RoslynAnalysisRunner will not be running.
RoslynAnalysisRunner has terminated.
Mono: successfully reloaded assembly
- Completed reload, in  1.624 seconds
Platform modules already initialized, skipping
========================================================================
Worker process is ready to serve import requests
Launched and connected shader compiler UnityShaderCompiler.exe after 0.06 seconds
Refreshing native plugins compatible for Editor in 0.34 ms, found 0 plugins.
Preloading 0 native plugins for Editor in 0.00 ms.
Unloading 1099 Unused Serialized files (Serialized files now loaded: 0)
System memory in use before: 128.9 MB.
System memory in use after: 128.9 MB.

Unloading 10 unused Assets to reduce memory usage. Loaded Objects now: 1544.
Total: 3.581800 ms (FindLiveObjects: 0.347500 ms CreateObjectMapping: 0.080400 ms MarkObjects: 3.023900 ms  DeleteObjects: 0.128000 ms)

========================================================================
Received Import Request.
  path: Assets/Aatrox.fbx
  artifactKey: Guid(70069471bc346c646a81e66b717c468f) Importer(815301076,1909f56bfc062723c751e8b465ee728b)
Start importing Assets/Aatrox.fbx using Guid(70069471bc346c646a81e66b717c468f) Importer(815301076,1909f56bfc062723c751e8b465ee728b)  -> (artifact id: '7fa58db39c02c140bfdadffee4cf9a6f') in 1.167947 seconds
  Import took 1.174947 seconds .

========================================================================
Received Import Request.
  Time since last request: 69.270085 seconds.
  path: Assets
  artifactKey: Guid(00000000000000001000000000000000) Importer(815301076,1909f56bfc062723c751e8b465ee728b)
Start importing Assets using Guid(00000000000000001000000000000000) Importer(815301076,1909f56bfc062723c751e8b465ee728b)  -> (artifact id: 'e1a2c4dac9df7c17871e19a3b74f0e9f') in 0.013403 seconds
  Import took 0.016953 seconds .

========================================================================
Received Import Request.
  Time since last request: 0.001059 seconds.
  path: Assets
  artifactKey: Guid(00000000000000001000000000000000) Importer(815301076,1909f56bfc062723c751e8b465ee728b)
Start importing Assets using Guid(00000000000000001000000000000000) Importer(815301076,1909f56bfc062723c751e8b465ee728b)  -> (artifact id: 'e1a2c4dac9df7c17871e19a3b74f0e9f') in 0.006106 seconds
  Import took 0.008721 seconds .

========================================================================
Received Import Request.
  Time since last request: 33.443947 seconds.
  path: Assets/Character
  artifactKey: Guid(a813dcbddb6149948ae0d86cb147602a) Importer(815301076,1909f56bfc062723c751e8b465ee728b)
Start importing Assets/Character using Guid(a813dcbddb6149948ae0d86cb147602a) Importer(815301076,1909f56bfc062723c751e8b465ee728b)  -> (artifact id: '849fd49d8a75eafaf3f071c3997adafc') in 0.018929 seconds
  Import took 0.023493 seconds .

========================================================================
Received Import Request.
  Time since last request: 56.933692 seconds.
  path: Assets/Scripts/Interactable.cs
  artifactKey: Guid(f27d06c2161cb7443b10f8c33883ed74) Importer(815301076,1909f56bfc062723c751e8b465ee728b)
Start importing Assets/Scripts/Interactable.cs using Guid(f27d06c2161cb7443b10f8c33883ed74) Importer(815301076,1909f56bfc062723c751e8b465ee728b)  -> (artifact id: '73d055fcfa244e4c6b36fa9dc72ee080') in 0.049632 seconds
  Import took 0.053507 seconds .

========================================================================
Received Import Request.
  Time since last request: 154.576031 seconds.
  path: Assets/Character/Aatrox.fbx
  artifactKey: Guid(70069471bc346c646a81e66b717c468f) Importer(815301076,1909f56bfc062723c751e8b465ee728b)
Start importing Assets/Character/Aatrox.fbx using Guid(70069471bc346c646a81e66b717c468f) Importer(815301076,1909f56bfc062723c751e8b465ee728b)  -> (artifact id: '84ea03b6b5d2623faf5bd7d345c6e9f0') in 0.118585 seconds
  Import took 0.123890 seconds .

========================================================================
Received Import Request.
  Time since last request: 12.801512 seconds.
  path: Assets/Character/Aatrox.fbx
  artifactKey: Guid(70069471bc346c646a81e66b717c468f) Importer(815301076,1909f56bfc062723c751e8b465ee728b)
Start importing Assets/Character/Aatrox.fbx using Guid(70069471bc346c646a81e66b717c468f) Importer(815301076,1909f56bfc062723c751e8b465ee728b)  -> (artifact id: '1d01e74e03884f8d712922437af3b24e') in 0.110670 seconds
  Import took 0.116821 seconds .

========================================================================
Received Import Request.
  Time since last request: 131.680866 seconds.
  path: Assets/Character/Aatrox.fbx
  artifactKey: Guid(70069471bc346c646a81e66b717c468f) Importer(815301076,1909f56bfc062723c751e8b465ee728b)
Start importing Assets/Character/Aatrox.fbx using Guid(70069471bc346c646a81e66b717c468f) Importer(815301076,1909f56bfc062723c751e8b465ee728b)  -> (artifact id: 'a1e133ebf90168486979eb6940d44791') in 0.115457 seconds
  Import took 0.122371 seconds .

========================================================================
Received Import Request.
  Time since last request: 28.162070 seconds.
  path: Assets/Character/Aatrox.fbx
  artifactKey: Guid(70069471bc346c646a81e66b717c468f) Importer(815301076,1909f56bfc062723c751e8b465ee728b)
Start importing Assets/Character/Aatrox.fbx using Guid(70069471bc346c646a81e66b717c468f) Importer(815301076,1909f56bfc062723c751e8b465ee728b)  -> (artifact id: 'b812cfd5a28ba20c5bbbead5162a9b01') in 0.100841 seconds
  Import took 0.106610 seconds .

========================================================================
Received Import Request.
  Time since last request: 20.679468 seconds.
  path: Assets/Character/Aatrox.fbx
  artifactKey: Guid(70069471bc346c646a81e66b717c468f) Importer(815301076,1909f56bfc062723c751e8b465ee728b)
Start importing Assets/Character/Aatrox.fbx using Guid(70069471bc346c646a81e66b717c468f) Importer(815301076,1909f56bfc062723c751e8b465ee728b)  -> (artifact id: 'cb1f2f3cbf3f1c352c7b3558a28a6757') in 0.106589 seconds
  Import took 0.113646 seconds .

========================================================================
Received Import Request.
  Time since last request: 109.803454 seconds.
  path: Assets/Character/Aatrox.fbx
  artifactKey: Guid(70069471bc346c646a81e66b717c468f) Importer(815301076,1909f56bfc062723c751e8b465ee728b)
Start importing Assets/Character/Aatrox.fbx using Guid(70069471bc346c646a81e66b717c468f) Importer(815301076,1909f56bfc062723c751e8b465ee728b)  -> (artifact id: '5bf590a29cdf4333e1c1e968c1d104cb') in 0.108633 seconds
  Import took 0.114597 seconds .

========================================================================
Received Import Request.
  Time since last request: 15.275074 seconds.
  path: Assets/Character/Aatrox.fbx
  artifactKey: Guid(70069471bc346c646a81e66b717c468f) Importer(815301076,1909f56bfc062723c751e8b465ee728b)
Start importing Assets/Character/Aatrox.fbx using Guid(70069471bc346c646a81e66b717c468f) Importer(815301076,1909f56bfc062723c751e8b465ee728b)  -> (artifact id: '0b06fa876fdbd82da5d63a165b8fd349') in 0.109880 seconds
  Import took 0.115854 seconds .

========================================================================
Received Import Request.
  Time since last request: 53.279047 seconds.
  path: Assets/Character/Aatrox.fbx
  artifactKey: Guid(70069471bc346c646a81e66b717c468f) Importer(815301076,1909f56bfc062723c751e8b465ee728b)
Start importing Assets/Character/Aatrox.fbx using Guid(70069471bc346c646a81e66b717c468f) Importer(815301076,1909f56bfc062723c751e8b465ee728b)  -> (artifact id: 'fe05fded32aa961a90cb182c4edb36b6') in 0.111624 seconds
  Import took 0.118343 seconds .

========================================================================
Received Import Request.
  Time since last request: 124.861929 seconds.
  path: Assets/Character/PlayerAnimator.cs
  artifactKey: Guid(0d5c0352f31efee428f79036ea318ab1) Importer(815301076,1909f56bfc062723c751e8b465ee728b)
Start importing Assets/Character/PlayerAnimator.cs using Guid(0d5c0352f31efee428f79036ea318ab1) Importer(815301076,1909f56bfc062723c751e8b465ee728b)  -> (artifact id: '3526dcc15710818a8d0324e7748828cc') in 0.017027 seconds
  Import took 0.020704 seconds .

========================================================================
Received Import Request.
  Time since last request: 0.017908 seconds.
  path: Assets/Character/PlayerAnimator.cs
  artifactKey: Guid(0d5c0352f31efee428f79036ea318ab1) Importer(815301076,1909f56bfc062723c751e8b465ee728b)
Start importing Assets/Character/PlayerAnimator.cs using Guid(0d5c0352f31efee428f79036ea318ab1) Importer(815301076,1909f56bfc062723c751e8b465ee728b)  -> (artifact id: '3526dcc15710818a8d0324e7748828cc') in 0.007630 seconds
  Import took 0.012665 seconds .

========================================================================
Received Prepare
Registering precompiled user dll's ...
Registered in 0.001593 seconds.
Begin MonoManager ReloadAssembly
Native extension for LinuxStandalone target not found
Native extension for WindowsStandalone target not found
Refreshing native plugins compatible for Editor in 0.44 ms, found 0 plugins.
Preloading 0 native plugins for Editor in 0.00 ms.
Invoked RoslynAnalysisRunner static constructor.
RoslynAnalysisRunner will not be running.
RoslynAnalysisRunner has terminated.
Mono: successfully reloaded assembly
- Completed reload, in  1.372 seconds
Platform modules already initialized, skipping
Refreshing native plugins compatible for Editor in 0.52 ms, found 0 plugins.
Preloading 0 native plugins for Editor in 0.00 ms.
Unloading 1094 Unused Serialized files (Serialized files now loaded: 0)
System memory in use before: 143.8 MB.
System memory in use after: 143.9 MB.

Unloading 5 unused Assets to reduce memory usage. Loaded Objects now: 1591.
Total: 2.714500 ms (FindLiveObjects: 0.343300 ms CreateObjectMapping: 0.069100 ms MarkObjects: 2.228900 ms  DeleteObjects: 0.071800 ms)

AssetImportWorkerClient::OnTransportError - code=2 error=End of file
